Base path: C:/Program Files (x86)/Unity 4.5.3/Editor/Data
Pipe name: \\.\pipe\UnityShaderCompiler-6-952
Cmd: getPlatforms
Cmd: compileSnippet
  api=1 type=1 insize=1322 outsize=462 kw= ok=1
Cmd: compileSnippet
  api=8 type=0 insize=1274 outsize=1950 kw= ok=1
Cmd: compileSnippet
  api=1 type=1 insize=1274 outsize=236 kw= ok=1
Cmd: compileSnippet
  api=0 type=1 insize=1260 outsize=307 kw= ok=1
Cmd: compileSnippet
  api=0 type=1 insize=949 outsize=193 kw= ok=1
Cmd: compileSnippet
  api=8 type=1 insize=1260 outsize=2535 kw= ok=1
Cmd: compileSnippet
  api=8 type=1 insize=1282 outsize=1682 kw= ok=1
Cmd: compileSnippet
  api=1 type=0 insize=1333 outsize=186 kw= ok=1
Cmd: compileSnippet
  api=0 type=0 insize=942 outsize=360 kw= ok=1
Cmd: compileSnippet
  api=1 type=1 insize=1041 outsize=152 kw= ok=1
Unhandled exception: Readfile from pipe failed. GLE=The pipe has been ended.


Quitting shader compiler process
